<?xml version="1.0" encoding="UTF-8"?>
<!-- Generated by org.testng.reporters.JUnitXMLReporter -->
<testsuite ignored="0" hostname="DESKTOP-VMIRMDG" failures="1" tests="3" name="Surefire test" time="54.433" errors="0" timestamp="2023-11-04T09:10:18 IST">
  <testcase classname="io.cucumber.testng.AbstractTestNGCucumberTests" name="runScenario" time="19.603"/>
  <testcase classname="io.cucumber.testng.AbstractTestNGCucumberTests" name="runScenario" time="16.46"/>
  <testcase classname="io.cucumber.testng.AbstractTestNGCucumberTests" name="runScenario" time="15.443">
    <failure type="java.lang.AssertionError" message="expected [No data] but found [Beetroot]">
      <![CDATA[java.lang.AssertionError: expected [No data] but found [Beetroot]
at StepDefinations.DealPageSearch.i_search_usting_short_name_and_should_be_able_to_mach_both_results(DealPageSearch.java:46)
at ✽.I search usting short name Beet and should be able to mach both results(file:///C:/Automation/ptc02/src/test/java/FeatureFiles/VerifySearchResults.feature:9)
... Removed 6 stack frames]]>
    </failure>
  </testcase> <!-- runScenario -->
</testsuite> <!-- Surefire test -->
