<?xml version="1.0" encoding="UTF-8"?>
<!-- Generated by org.testng.reporters.JUnitXMLReporter -->
<testsuite ignored="0" hostname="DESKTOP-VMIRMDG" failures="2" tests="4" name="Default test" time="55.682" errors="0" timestamp="2023-12-06T15:08:57 IST">
  <testcase classname="io.cucumber.testng.AbstractTestNGCucumberTests" name="runScenario" time="18.783"/>
  <testcase classname="io.cucumber.testng.AbstractTestNGCucumberTests" name="runScenario" time="3.653">
    <failure type="java.lang.NullPointerException" message="Cannot invoke &amp;quot;PageObjects.LandingPage.getlogo()&amp;quot; because &amp;quot;this.LP&amp;quot; is null">
      <![CDATA[java.lang.NullPointerException: Cannot invoke "PageObjects.LandingPage.getlogo()" because "this.LP" is null
at StepDefinations.LandingPageSearch.i_should_be_able_match_the_logo(LandingPageSearch.java:83)
at ✽.i should be able match the logo(file:///C:/Automation/ptc02/src/test/java/FeatureFiles/PurchaseItems.feature:21)
]]>
    </failure>
  </testcase> <!-- runScenario -->
  <testcase classname="io.cucumber.testng.AbstractTestNGCucumberTests" name="runScenario" time="15.213"/>
  <testcase classname="io.cucumber.testng.AbstractTestNGCucumberTests" name="runScenario" time="15.476">
    <failure type="java.lang.AssertionError" message="expected [No data] but found [Beetroot]">
      <![CDATA[java.lang.AssertionError: expected [No data] but found [Beetroot]
at org.testng.Assert.fail(Assert.java:111)
at org.testng.Assert.failNotEquals(Assert.java:1578)
at org.testng.Assert.assertEqualsImpl(Assert.java:150)
at org.testng.Assert.assertEquals(Assert.java:132)
at org.testng.Assert.assertEquals(Assert.java:656)
at org.testng.Assert.assertEquals(Assert.java:666)
at StepDefinations.DealPageSearch.i_search_usting_short_name_and_should_be_able_to_mach_both_results(DealPageSearch.java:46)
at ✽.I search usting short name Beet and should be able to mach both results(file:///C:/Automation/ptc02/src/test/java/FeatureFiles/VerifySearchResults.feature:9)
]]>
    </failure>
  </testcase> <!-- runScenario -->
</testsuite> <!-- Default test -->
