<?xml version="1.0" encoding="UTF-8"?>
<!-- Generated by org.testng.reporters.JUnitReportReporter -->
<testsuite hostname="DESKTOP-VMIRMDG" failures="1" tests="3" name="RunnerFile.TestRunner" time="51.506" errors="0" timestamp="2023-11-04T09:10:18 IST" skipped="0">
  <testcase classname="RunnerFile.TestRunner" name="runScenario" time="16.460"/>
  <testcase classname="RunnerFile.TestRunner" name="runScenario" time="15.443">
    <failure message="expected [No data] but found [Beetroot]" type="java.lang.AssertionError">
      <![CDATA[java.lang.AssertionError: expected [No data] but found [Beetroot]
at org.testng.Assert.fail(Assert.java:111)
at org.testng.Assert.failNotEquals(Assert.java:1578)
at org.testng.Assert.assertEqualsImpl(Assert.java:150)
at org.testng.Assert.assertEquals(Assert.java:132)
at org.testng.Assert.assertEquals(Assert.java:656)
at org.testng.Assert.assertEquals(Assert.java:666)
at StepDefinations.DealPageSearch.i_search_usting_short_name_and_should_be_able_to_mach_both_results(DealPageSearch.java:46)
at ✽.I search usting short name Beet and should be able to mach both results(file:///C:/Automation/ptc02/src/test/java/FeatureFiles/VerifySearchResults.feature:9)
]]>
    </failure>
  </testcase> <!-- runScenario -->
  <testcase classname="RunnerFile.TestRunner" name="runScenario" time="19.603"/>
</testsuite> <!-- RunnerFile.TestRunner -->
